Arguments: 
  /home/marktel/.nvm/versions/node/v14.17.3/bin/node /mnt/c/Program Files/nodejs/node_modules/yarn/bin/yarn.js add express becrypt body-parser cors jsonwebtoken

PATH: 
  /home/marktel/.nvm/versions/node/v14.17.3/bin:/usr/local/sbin:/usr/local/bin:/usr/sbin:/usr/bin:/sbin:/bin:/usr/games:/usr/local/games:/usr/lib/wsl/lib:/mnt/c/Python310/:/mnt/c/ProgramData/chocolatey/bin:/mnt/c/Windows/System32:/mnt/c/WINDOWS/system32:/mnt/c/WINDOWS:/mnt/c/WINDOWS/System32/Wbem:/mnt/c/WINDOWS/System32/WindowsPowerShell/v1.0/:/mnt/c/WINDOWS/System32/OpenSSH/:/mnt/c/Program Files (x86)/NVIDIA Corporation/PhysX/Common:/mnt/c/Program Files/dotnet/:/mnt/c/ProgramData/ComposerSetup/bin:/mnt/c/Program Files/Git/cmd:/mnt/c/xampp/php:/mnt/c/Users/rusal/AppData/Roaming/nvm:/mnt/c/Program Files/nodejs:/mnt/c/Program Files/NVIDIA Corporation/NVIDIA NvDLISR:/mnt/c/Users/rusal/AppData/Local/Programs/Python/Python39/Scripts/:/mnt/c/Users/rusal/AppData/Local/Programs/Python/Python39/:/mnt/c/Users/rusal/AppData/Local/Microsoft/WindowsApps:/mnt/c/Users/rusal/AppData/Local/Programs/Microsoft VS Code/bin:/mnt/c/Users/rusal/AppData/Roaming/Composer/vendor/bin:/mnt/c/Program Files/JetBrains/IntelliJ IDEA Community Edition 2021.2/bin:/mnt/c/Program Files (x86)/Jar2Exe Wizard/:/mnt/c/Users/rusal/.dotnet/tools:/mnt/d/Software/F/flutter/bin:/mnt/d/2022/cwRsync_5.5.0_x86_Free/bin:/mnt/c/Users/rusal/AppData/Local/Android/Sdk/platform-tools:/snap/bin

Yarn version: 
  1.22.19

Node version: 
  14.17.3

Platform: 
  linux x64

Trace: 
  Error: https://registry.yarnpkg.com/becrypt: Not found
      at Request.params.callback [as _callback] (/mnt/c/Users/rusal/AppData/Roaming/nvm/v14.17.3/node_modules/yarn/lib/cli.js:66145:18)
      at Request.self.callback (/mnt/c/Users/rusal/AppData/Roaming/nvm/v14.17.3/node_modules/yarn/lib/cli.js:140890:22)
      at Request.emit (events.js:375:28)
      at Request.<anonymous> (/mnt/c/Users/rusal/AppData/Roaming/nvm/v14.17.3/node_modules/yarn/lib/cli.js:141862:10)
      at Request.emit (events.js:375:28)
      at IncomingMessage.<anonymous> (/mnt/c/Users/rusal/AppData/Roaming/nvm/v14.17.3/node_modules/yarn/lib/cli.js:141784:12)
      at Object.onceWrapper (events.js:481:28)
      at IncomingMessage.emit (events.js:387:35)
      at endReadableNT (internal/streams/readable.js:1317:12)
      at processTicksAndRejections (internal/process/task_queues.js:82:21)

npm manifest: 
  {
    "name": "mern_stack",
    "version": "1.0.0",
    "description": "mern stack ",
    "main": "index.js",
    "author": "Anang Permana",
    "license": "MIT"
  }

yarn manifest: 
  No manifest

Lockfile: 
  No lockfile
